e:\bvu\private\bogdan\sport_2.0\sport_2.0\debug\sport_2.0.pch
e:\bvu\private\bogdan\sport_2.0\sport_2.0\debug\vc141.pdb
e:\bvu\private\bogdan\sport_2.0\sport_2.0\debug\stdafx.obj
e:\bvu\private\bogdan\sport_2.0\sport_2.0\debug\core.obj
e:\bvu\private\bogdan\sport_2.0\sport_2.0\debug\assemblyinfo.obj
e:\bvu\private\bogdan\sport_2.0\sport_2.0\debug\.netframework,version=v4.5.2.assemblyattributes.obj
e:\bvu\private\bogdan\sport_2.0\sport_2.0\debug\.netframework,version=v4.5.2.assemblyattributes.asm
e:\bvu\private\bogdan\sport_2.0\sport_2.0\debug\form1.obj
e:\bvu\private\bogdan\sport_2.0\sport_2.0\debug\cppclr_winformsprojekt.obj
e:\bvu\private\bogdan\sport_2.0\sport_2.0\debug\app.res
e:\bvu\private\bogdan\sport_2.0\sport_2.0\debug\sport_2_0.form1.resources
e:\bvu\private\bogdan\sport_2.0\sport_2.0\debug\sport_2.0.vcxproj.generateresource.cache
e:\bvu\private\bogdan\sport_2.0\sport_2.0\debug\sport_2.0.vcxprojassemblyreference.cache
e:\bvu\private\bogdan\sport_2.0\debug\sport_2.0.pdb
e:\bvu\private\bogdan\sport_2.0\sport_2.0\debug\sport_2.0.tlog\cl.command.1.tlog
e:\bvu\private\bogdan\sport_2.0\sport_2.0\debug\sport_2.0.tlog\cl.read.1.tlog
e:\bvu\private\bogdan\sport_2.0\sport_2.0\debug\sport_2.0.tlog\cl.write.1.tlog
e:\bvu\private\bogdan\sport_2.0\sport_2.0\debug\sport_2.0.tlog\link.36408-cvtres.read.1.tlog
e:\bvu\private\bogdan\sport_2.0\sport_2.0\debug\sport_2.0.tlog\link.36408-cvtres.write.1.tlog
e:\bvu\private\bogdan\sport_2.0\sport_2.0\debug\sport_2.0.tlog\link.36408-rc.read.1.tlog
e:\bvu\private\bogdan\sport_2.0\sport_2.0\debug\sport_2.0.tlog\link.36408-rc.write.1.tlog
e:\bvu\private\bogdan\sport_2.0\sport_2.0\debug\sport_2.0.tlog\link.36408.read.1.tlog
e:\bvu\private\bogdan\sport_2.0\sport_2.0\debug\sport_2.0.tlog\link.36408.write.1.tlog
e:\bvu\private\bogdan\sport_2.0\sport_2.0\debug\sport_2.0.tlog\link.39344-cvtres.read.1.tlog
e:\bvu\private\bogdan\sport_2.0\sport_2.0\debug\sport_2.0.tlog\link.39344-cvtres.write.1.tlog
e:\bvu\private\bogdan\sport_2.0\sport_2.0\debug\sport_2.0.tlog\link.39344-rc.read.1.tlog
e:\bvu\private\bogdan\sport_2.0\sport_2.0\debug\sport_2.0.tlog\link.39344-rc.write.1.tlog
e:\bvu\private\bogdan\sport_2.0\sport_2.0\debug\sport_2.0.tlog\link.39344.read.1.tlog
e:\bvu\private\bogdan\sport_2.0\sport_2.0\debug\sport_2.0.tlog\link.39344.write.1.tlog
e:\bvu\private\bogdan\sport_2.0\sport_2.0\debug\sport_2.0.tlog\link.command.1.tlog
e:\bvu\private\bogdan\sport_2.0\sport_2.0\debug\sport_2.0.tlog\link.read.1.tlog
e:\bvu\private\bogdan\sport_2.0\sport_2.0\debug\sport_2.0.tlog\link.write.1.tlog
e:\bvu\private\bogdan\sport_2.0\sport_2.0\debug\sport_2.0.tlog\metagen.read.1.tlog
e:\bvu\private\bogdan\sport_2.0\sport_2.0\debug\sport_2.0.tlog\metagen.write.1.tlog
e:\bvu\private\bogdan\sport_2.0\sport_2.0\debug\sport_2.0.tlog\rc.command.1.tlog
e:\bvu\private\bogdan\sport_2.0\sport_2.0\debug\sport_2.0.tlog\rc.read.1.tlog
e:\bvu\private\bogdan\sport_2.0\sport_2.0\debug\sport_2.0.tlog\rc.write.1.tlog
e:\bvu\private\bogdan\sport_2.0\sport_2.0\debug\sport_2.0.tlog\sport_2.0.write.1u.tlog
